<?xml version="1.0" encoding="UTF-8"?>
<!-- Generated by org.testng.reporters.JUnitXMLReporter -->
<testsuite ignored="2" hostname="DESKTOP-KT46ULE" failures="0" tests="1" name="Default test" time="13.486" errors="0" timestamp="2026-02-25T18:07:11 IST">
  <testcase classname="com.ninja.crm.campaign.CreateCampaignsTest" name="createCamapignsWithMandatoryFieldsTest" time="3.649"/>
  <testcase classname="com.ninja.crm.campaign.CreateCampaignsTest" name="createCampaignsWithExpectedDateTest" time="0.0">
    <ignored/>
  </testcase> <!-- createCampaignsWithExpectedDateTest -->
  <testcase classname="com.ninja.crm.campaign.CreateCampaignsTest" name="createCampaignsWithStatusTest" time="0.0">
    <ignored/>
  </testcase> <!-- createCampaignsWithStatusTest -->
</testsuite> <!-- Default test -->
