<?xml version="1.0" encoding="UTF-8"?>
<!-- Generated by org.testng.reporters.JUnitXMLReporter -->
<testsuite ignored="4" hostname="DESKTOP-KT46ULE" failures="0" tests="4" name="Test" time="40.507" errors="0" timestamp="2025-12-19T10:26:49 IST">
  <testcase classname="com.ninja.crm.campaign.CreateCampaignsTest" name="createCamapignsWithMandatoryFieldsTest" time="3.928"/>
  <testcase classname="com.ninja.crm.campaign.CreateCampaignsTest" name="createCampaignsWithExpectedDateTest" time="2.507"/>
  <testcase classname="com.ninja.crm.campaign.CreateCampaignsTest" name="createCampaignsWithStatusTest" time="2.221"/>
  <testcase classname="com.ninja.crm.product.CreateProductTest" name="createProductWithMandatoryFieldTest" time="3.297"/>
  <testcase classname="com.ninja.crm.generic.webdriverutility.BaseClass" name="@BeforeSuite beforeSuite" time="0.0">
    <ignored/>
  </testcase> <!-- @BeforeSuite beforeSuite -->
  <testcase classname="com.ninja.crm.generic.webdriverutility.BaseClass" name="@AfterTest afterTest" time="0.0">
    <ignored/>
  </testcase> <!-- @AfterTest afterTest -->
  <testcase classname="com.ninja.crm.generic.webdriverutility.BaseClass" name="@AfterSuite afterSuite" time="0.0">
    <ignored/>
  </testcase> <!-- @AfterSuite afterSuite -->
  <testcase classname="com.ninja.crm.generic.webdriverutility.BaseClass" name="@BeforeTest beforeTest" time="0.0">
    <ignored/>
  </testcase> <!-- @BeforeTest beforeTest -->
</testsuite> <!-- Test -->
