<?xml version="1.0" encoding="UTF-8"?>
<testng-results ignored="0" total="4" passed="4" failed="0" skipped="0">
  <reporter-output>
    <line>
      <![CDATA[Eastbilish Database Connectivity]]>
    </line>
    <line>
      <![CDATA[Pre-Condition]]>
    </line>
    <line>
      <![CDATA[Launching browser]]>
    </line>
    <line>
      <![CDATA[Login Done]]>
    </line>
    <line>
      <![CDATA[LogOut Done]]>
    </line>
    <line>
      <![CDATA[Login Done]]>
    </line>
    <line>
      <![CDATA[LogOut Done]]>
    </line>
    <line>
      <![CDATA[Login Done]]>
    </line>
    <line>
      <![CDATA[LogOut Done]]>
    </line>
    <line>
      <![CDATA[Closing browser]]>
    </line>
    <line>
      <![CDATA[Launching browser]]>
    </line>
    <line>
      <![CDATA[Login Done]]>
    </line>
    <line>
      <![CDATA[LogOut Done]]>
    </line>
    <line>
      <![CDATA[Closing browser]]>
    </line>
    <line>
      <![CDATA[Post-Condition]]>
    </line>
    <line>
      <![CDATA[Close Database Connection]]>
    </line>
  </reporter-output>
  <suite started-at="2025-11-08T14:33:08 IST" name="Suite" finished-at="2025-11-08T14:33:48 IST" duration-ms="39792">
    <groups>
      <group name="smoke">
        <method signature="CreateCampaignsTest.createCamapignsWithMandatoryFieldsTest()[pri:0, instance:com.ninja.crm.campaign.CreateCampaignsTest@a1153bc]" name="createCamapignsWithMandatoryFieldsTest" class="com.ninja.crm.campaign.CreateCampaignsTest"/>
        <method signature="CreateProductTest.createProductWithMandatoryFieldTest()[pri:0, instance:com.ninja.crm.product.CreateProductTest@3270d194]" name="createProductWithMandatoryFieldTest" class="com.ninja.crm.product.CreateProductTest"/>
      </group> <!-- smoke -->
    </groups>
    <test started-at="2025-11-08T14:33:08 IST" name="Test" finished-at="2025-11-08T14:33:48 IST" duration-ms="39792">
      <class name="com.ninja.crm.product.CreateProductTest">
        <test-method is-config="true" signature="beforeClass()[pri:0, instance:com.ninja.crm.product.CreateProductTest@3270d194]" started-at="2025-11-08T14:33:38 IST" name="beforeClass" finished-at="2025-11-08T14:33:39 IST" duration-ms="853" status="PASS">
          <reporter-output>
            <line>
              <![CDATA[Launching browser]]>
            </line>
          </reporter-output>
        </test-method> <!-- beforeClass -->
        <test-method is-config="true" signature="beforeMethod()[pri:0, instance:com.ninja.crm.product.CreateProductTest@3270d194]" started-at="2025-11-08T14:33:39 IST" name="beforeMethod" finished-at="2025-11-08T14:33:41 IST" duration-ms="2770" status="PASS">
          <reporter-output>
            <line>
              <![CDATA[Login Done]]>
            </line>
          </reporter-output>
        </test-method> <!-- beforeMethod -->
        <test-method signature="createProductWithMandatoryFieldTest()[pri:0, instance:com.ninja.crm.product.CreateProductTest@3270d194]" started-at="2025-11-08T14:33:41 IST" name="createProductWithMandatoryFieldTest" finished-at="2025-11-08T14:33:44 IST" duration-ms="3046" status="PASS">
          <reporter-output>
          </reporter-output>
        </test-method> <!-- createProductWithMandatoryFieldTest -->
        <test-method is-config="true" signature="afterMethod()[pri:0, instance:com.ninja.crm.product.CreateProductTest@3270d194]" started-at="2025-11-08T14:33:44 IST" name="afterMethod" finished-at="2025-11-08T14:33:48 IST" duration-ms="3169" status="PASS">
          <reporter-output>
            <line>
              <![CDATA[LogOut Done]]>
            </line>
          </reporter-output>
        </test-method> <!-- afterMethod -->
        <test-method is-config="true" signature="afterClass()[pri:0, instance:com.ninja.crm.product.CreateProductTest@3270d194]" started-at="2025-11-08T14:33:48 IST" name="afterClass" finished-at="2025-11-08T14:33:48 IST" duration-ms="261" status="PASS">
          <reporter-output>
            <line>
              <![CDATA[Closing browser]]>
            </line>
          </reporter-output>
        </test-method> <!-- afterClass -->
      </class> <!-- com.ninja.crm.product.CreateProductTest -->
      <class name="com.ninja.crm.campaign.CreateCampaignsTest">
        <test-method is-config="true" signature="beforeSuite()[pri:0, instance:com.ninja.crm.campaign.CreateCampaignsTest@a1153bc]" started-at="2025-11-08T14:33:08 IST" name="beforeSuite" finished-at="2025-11-08T14:33:08 IST" duration-ms="12" status="PASS">
          <reporter-output>
            <line>
              <![CDATA[Eastbilish Database Connectivity]]>
            </line>
          </reporter-output>
        </test-method> <!-- beforeSuite -->
        <test-method is-config="true" signature="beforeTest()[pri:0, instance:com.ninja.crm.campaign.CreateCampaignsTest@a1153bc]" started-at="2025-11-08T14:33:08 IST" name="beforeTest" finished-at="2025-11-08T14:33:08 IST" duration-ms="1" status="PASS">
          <reporter-output>
            <line>
              <![CDATA[Pre-Condition]]>
            </line>
          </reporter-output>
        </test-method> <!-- beforeTest -->
        <test-method is-config="true" signature="beforeClass()[pri:0, instance:com.ninja.crm.campaign.CreateCampaignsTest@a1153bc]" started-at="2025-11-08T14:33:08 IST" name="beforeClass" finished-at="2025-11-08T14:33:12 IST" duration-ms="4195" status="PASS">
          <reporter-output>
            <line>
              <![CDATA[Launching browser]]>
            </line>
          </reporter-output>
        </test-method> <!-- beforeClass -->
        <test-method is-config="true" signature="beforeMethod()[pri:0, instance:com.ninja.crm.campaign.CreateCampaignsTest@a1153bc]" started-at="2025-11-08T14:33:12 IST" name="beforeMethod" finished-at="2025-11-08T14:33:16 IST" duration-ms="3389" status="PASS">
          <reporter-output>
            <line>
              <![CDATA[Login Done]]>
            </line>
          </reporter-output>
        </test-method> <!-- beforeMethod -->
        <test-method signature="createCamapignsWithMandatoryFieldsTest()[pri:0, instance:com.ninja.crm.campaign.CreateCampaignsTest@a1153bc]" started-at="2025-11-08T14:33:16 IST" name="createCamapignsWithMandatoryFieldsTest" finished-at="2025-11-08T14:33:19 IST" duration-ms="3168" status="PASS">
          <reporter-output>
          </reporter-output>
        </test-method> <!-- createCamapignsWithMandatoryFieldsTest -->
        <test-method is-config="true" signature="afterMethod()[pri:0, instance:com.ninja.crm.campaign.CreateCampaignsTest@a1153bc]" started-at="2025-11-08T14:33:19 IST" name="afterMethod" finished-at="2025-11-08T14:33:22 IST" duration-ms="2689" status="PASS">
          <reporter-output>
            <line>
              <![CDATA[LogOut Done]]>
            </line>
          </reporter-output>
        </test-method> <!-- afterMethod -->
        <test-method is-config="true" signature="beforeMethod()[pri:0, instance:com.ninja.crm.campaign.CreateCampaignsTest@a1153bc]" started-at="2025-11-08T14:33:22 IST" name="beforeMethod" finished-at="2025-11-08T14:33:25 IST" duration-ms="3762" status="PASS">
          <reporter-output>
            <line>
              <![CDATA[Login Done]]>
            </line>
          </reporter-output>
        </test-method> <!-- beforeMethod -->
        <test-method signature="createCampaignsWithExpectedDateTest()[pri:0, instance:com.ninja.crm.campaign.CreateCampaignsTest@a1153bc]" started-at="2025-11-08T14:33:25 IST" name="createCampaignsWithExpectedDateTest" finished-at="2025-11-08T14:33:27 IST" duration-ms="1775" status="PASS">
          <reporter-output>
          </reporter-output>
        </test-method> <!-- createCampaignsWithExpectedDateTest -->
        <test-method is-config="true" signature="afterMethod()[pri:0, instance:com.ninja.crm.campaign.CreateCampaignsTest@a1153bc]" started-at="2025-11-08T14:33:27 IST" name="afterMethod" finished-at="2025-11-08T14:33:30 IST" duration-ms="2696" status="PASS">
          <reporter-output>
            <line>
              <![CDATA[LogOut Done]]>
            </line>
          </reporter-output>
        </test-method> <!-- afterMethod -->
        <test-method is-config="true" signature="beforeMethod()[pri:0, instance:com.ninja.crm.campaign.CreateCampaignsTest@a1153bc]" started-at="2025-11-08T14:33:30 IST" name="beforeMethod" finished-at="2025-11-08T14:33:34 IST" duration-ms="3673" status="PASS">
          <reporter-output>
            <line>
              <![CDATA[Login Done]]>
            </line>
          </reporter-output>
        </test-method> <!-- beforeMethod -->
        <test-method signature="createCampaignsWithStatusTest()[pri:0, instance:com.ninja.crm.campaign.CreateCampaignsTest@a1153bc]" started-at="2025-11-08T14:33:34 IST" name="createCampaignsWithStatusTest" finished-at="2025-11-08T14:33:35 IST" duration-ms="1738" status="PASS">
          <reporter-output>
          </reporter-output>
        </test-method> <!-- createCampaignsWithStatusTest -->
        <test-method is-config="true" signature="afterMethod()[pri:0, instance:com.ninja.crm.campaign.CreateCampaignsTest@a1153bc]" started-at="2025-11-08T14:33:35 IST" name="afterMethod" finished-at="2025-11-08T14:33:38 IST" duration-ms="2236" status="PASS">
          <reporter-output>
            <line>
              <![CDATA[LogOut Done]]>
            </line>
          </reporter-output>
        </test-method> <!-- afterMethod -->
        <test-method is-config="true" signature="afterClass()[pri:0, instance:com.ninja.crm.campaign.CreateCampaignsTest@a1153bc]" started-at="2025-11-08T14:33:38 IST" name="afterClass" finished-at="2025-11-08T14:33:38 IST" duration-ms="251" status="PASS">
          <reporter-output>
            <line>
              <![CDATA[Closing browser]]>
            </line>
          </reporter-output>
        </test-method> <!-- afterClass -->
        <test-method is-config="true" signature="afterTest()[pri:0, instance:com.ninja.crm.campaign.CreateCampaignsTest@a1153bc]" started-at="2025-11-08T14:33:48 IST" name="afterTest" finished-at="2025-11-08T14:33:48 IST" duration-ms="1" status="PASS">
          <reporter-output>
            <line>
              <![CDATA[Post-Condition]]>
            </line>
          </reporter-output>
        </test-method> <!-- afterTest -->
        <test-method is-config="true" signature="afterSuite()[pri:0, instance:com.ninja.crm.campaign.CreateCampaignsTest@a1153bc]" started-at="2025-11-08T14:33:48 IST" name="afterSuite" finished-at="2025-11-08T14:33:48 IST" duration-ms="0" status="PASS">
          <reporter-output>
            <line>
              <![CDATA[Close Database Connection]]>
            </line>
          </reporter-output>
        </test-method> <!-- afterSuite -->
      </class> <!-- com.ninja.crm.campaign.CreateCampaignsTest -->
    </test> <!-- Test -->
  </suite> <!-- Suite -->
</testng-results>
