<?xml version="1.0" encoding="UTF-8"?>
<testng-results ignored="0" total="1" passed="1" failed="0" skipped="0">
  <reporter-output>
    <line>
      <![CDATA[Eastbilish Database Connectivity]]>
    </line>
    <line>
      <![CDATA[Pre-Condition]]>
    </line>
    <line>
      <![CDATA[Launching browser]]>
    </line>
    <line>
      <![CDATA[Login Done]]>
    </line>
    <line>
      <![CDATA[LogOut Done]]>
    </line>
    <line>
      <![CDATA[Closing browser]]>
    </line>
    <line>
      <![CDATA[Post-Condition]]>
    </line>
    <line>
      <![CDATA[Close Database Connection]]>
    </line>
  </reporter-output>
  <suite started-at="2025-11-08T15:27:52 IST" name="Default suite" finished-at="2025-11-08T15:28:11 IST" duration-ms="19513">
    <groups>
      <group name="smoke">
        <method signature="CreateProductTest.createProductWithMandatoryFieldTest()[pri:0, instance:com.ninja.crm.product.CreateProductTest@47eaca72]" name="createProductWithMandatoryFieldTest" class="com.ninja.crm.product.CreateProductTest"/>
      </group> <!-- smoke -->
    </groups>
    <test started-at="2025-11-08T15:27:52 IST" name="Default test" finished-at="2025-11-08T15:28:11 IST" duration-ms="19513">
      <class name="com.ninja.crm.product.CreateProductTest">
        <test-method is-config="true" signature="beforeSuite()[pri:0, instance:com.ninja.crm.product.CreateProductTest@47eaca72]" started-at="2025-11-08T15:27:52 IST" name="beforeSuite" finished-at="2025-11-08T15:27:52 IST" duration-ms="9" status="PASS">
          <reporter-output>
            <line>
              <![CDATA[Eastbilish Database Connectivity]]>
            </line>
          </reporter-output>
        </test-method> <!-- beforeSuite -->
        <test-method is-config="true" signature="beforeTest()[pri:0, instance:com.ninja.crm.product.CreateProductTest@47eaca72]" started-at="2025-11-08T15:27:52 IST" name="beforeTest" finished-at="2025-11-08T15:27:52 IST" duration-ms="1" status="PASS">
          <reporter-output>
            <line>
              <![CDATA[Pre-Condition]]>
            </line>
          </reporter-output>
        </test-method> <!-- beforeTest -->
        <test-method is-config="true" signature="beforeClass()[pri:0, instance:com.ninja.crm.product.CreateProductTest@47eaca72]" started-at="2025-11-08T15:27:52 IST" name="beforeClass" finished-at="2025-11-08T15:27:54 IST" duration-ms="1715" status="PASS">
          <reporter-output>
            <line>
              <![CDATA[Launching browser]]>
            </line>
          </reporter-output>
        </test-method> <!-- beforeClass -->
        <test-method is-config="true" signature="beforeMethod()[pri:0, instance:com.ninja.crm.product.CreateProductTest@47eaca72]" started-at="2025-11-08T15:27:54 IST" name="beforeMethod" finished-at="2025-11-08T15:28:00 IST" duration-ms="6309" status="PASS">
          <reporter-output>
            <line>
              <![CDATA[Login Done]]>
            </line>
          </reporter-output>
        </test-method> <!-- beforeMethod -->
        <test-method signature="createProductWithMandatoryFieldTest()[pri:0, instance:com.ninja.crm.product.CreateProductTest@47eaca72]" started-at="2025-11-08T15:28:00 IST" name="createProductWithMandatoryFieldTest" finished-at="2025-11-08T15:28:04 IST" duration-ms="4130" status="PASS">
          <reporter-output>
          </reporter-output>
        </test-method> <!-- createProductWithMandatoryFieldTest -->
        <test-method is-config="true" signature="afterMethod()[pri:0, instance:com.ninja.crm.product.CreateProductTest@47eaca72]" started-at="2025-11-08T15:28:04 IST" name="afterMethod" finished-at="2025-11-08T15:28:11 IST" duration-ms="7027" status="PASS">
          <reporter-output>
            <line>
              <![CDATA[LogOut Done]]>
            </line>
          </reporter-output>
        </test-method> <!-- afterMethod -->
        <test-method is-config="true" signature="afterClass()[pri:0, instance:com.ninja.crm.product.CreateProductTest@47eaca72]" started-at="2025-11-08T15:28:11 IST" name="afterClass" finished-at="2025-11-08T15:28:11 IST" duration-ms="267" status="PASS">
          <reporter-output>
            <line>
              <![CDATA[Closing browser]]>
            </line>
          </reporter-output>
        </test-method> <!-- afterClass -->
        <test-method is-config="true" signature="afterTest()[pri:0, instance:com.ninja.crm.product.CreateProductTest@47eaca72]" started-at="2025-11-08T15:28:11 IST" name="afterTest" finished-at="2025-11-08T15:28:11 IST" duration-ms="0" status="PASS">
          <reporter-output>
            <line>
              <![CDATA[Post-Condition]]>
            </line>
          </reporter-output>
        </test-method> <!-- afterTest -->
        <test-method is-config="true" signature="afterSuite()[pri:0, instance:com.ninja.crm.product.CreateProductTest@47eaca72]" started-at="2025-11-08T15:28:11 IST" name="afterSuite" finished-at="2025-11-08T15:28:11 IST" duration-ms="1" status="PASS">
          <reporter-output>
            <line>
              <![CDATA[Close Database Connection]]>
            </line>
          </reporter-output>
        </test-method> <!-- afterSuite -->
      </class> <!-- com.ninja.crm.product.CreateProductTest -->
    </test> <!-- Default test -->
  </suite> <!-- Default suite -->
</testng-results>
