<?xml version="1.0" encoding="UTF-8"?>
<testng-results ignored="0" total="4" passed="4" failed="0" skipped="0">
  <reporter-output>
    <line>
      <![CDATA[Eastbilish Database Connectivity]]>
    </line>
    <line>
      <![CDATA[Pre-Condition]]>
    </line>
    <line>
      <![CDATA[Launching browser]]>
    </line>
    <line>
      <![CDATA[Login Done]]>
    </line>
    <line>
      <![CDATA[LogOut Done]]>
    </line>
    <line>
      <![CDATA[Login Done]]>
    </line>
    <line>
      <![CDATA[LogOut Done]]>
    </line>
    <line>
      <![CDATA[Login Done]]>
    </line>
    <line>
      <![CDATA[LogOut Done]]>
    </line>
    <line>
      <![CDATA[Closing browser]]>
    </line>
    <line>
      <![CDATA[Launching browser]]>
    </line>
    <line>
      <![CDATA[Login Done]]>
    </line>
    <line>
      <![CDATA[LogOut Done]]>
    </line>
    <line>
      <![CDATA[Closing browser]]>
    </line>
    <line>
      <![CDATA[Post-Condition]]>
    </line>
    <line>
      <![CDATA[Close Database Connection]]>
    </line>
  </reporter-output>
  <suite started-at="2025-12-19T10:26:08 IST" name="Suite" finished-at="2025-12-19T10:26:49 IST" duration-ms="40507">
    <groups>
      <group name="smoke">
        <method signature="CreateCampaignsTest.createCamapignsWithMandatoryFieldsTest()[pri:0, instance:com.ninja.crm.campaign.CreateCampaignsTest@4d5d943d]" name="createCamapignsWithMandatoryFieldsTest" class="com.ninja.crm.campaign.CreateCampaignsTest"/>
        <method signature="CreateProductTest.createProductWithMandatoryFieldTest()[pri:0, instance:com.ninja.crm.product.CreateProductTest@7b2bbc3]" name="createProductWithMandatoryFieldTest" class="com.ninja.crm.product.CreateProductTest"/>
      </group> <!-- smoke -->
    </groups>
    <test started-at="2025-12-19T10:26:08 IST" name="Test" finished-at="2025-12-19T10:26:49 IST" duration-ms="40507">
      <class name="com.ninja.crm.product.CreateProductTest">
        <test-method is-config="true" signature="beforeClass()[pri:0, instance:com.ninja.crm.product.CreateProductTest@7b2bbc3]" started-at="2025-12-19T10:26:39 IST" name="beforeClass" finished-at="2025-12-19T10:26:41 IST" duration-ms="2687" status="PASS">
          <reporter-output>
            <line>
              <![CDATA[Launching browser]]>
            </line>
          </reporter-output>
        </test-method> <!-- beforeClass -->
        <test-method is-config="true" signature="beforeMethod()[pri:0, instance:com.ninja.crm.product.CreateProductTest@7b2bbc3]" started-at="2025-12-19T10:26:41 IST" name="beforeMethod" finished-at="2025-12-19T10:26:43 IST" duration-ms="1640" status="PASS">
          <reporter-output>
            <line>
              <![CDATA[Login Done]]>
            </line>
          </reporter-output>
        </test-method> <!-- beforeMethod -->
        <test-method signature="createProductWithMandatoryFieldTest()[pri:0, instance:com.ninja.crm.product.CreateProductTest@7b2bbc3]" started-at="2025-12-19T10:26:43 IST" name="createProductWithMandatoryFieldTest" finished-at="2025-12-19T10:26:46 IST" duration-ms="3297" status="PASS">
          <reporter-output>
          </reporter-output>
        </test-method> <!-- createProductWithMandatoryFieldTest -->
        <test-method is-config="true" signature="afterMethod()[pri:0, instance:com.ninja.crm.product.CreateProductTest@7b2bbc3]" started-at="2025-12-19T10:26:46 IST" name="afterMethod" finished-at="2025-12-19T10:26:48 IST" duration-ms="1784" status="PASS">
          <reporter-output>
            <line>
              <![CDATA[LogOut Done]]>
            </line>
          </reporter-output>
        </test-method> <!-- afterMethod -->
        <test-method is-config="true" signature="afterClass()[pri:0, instance:com.ninja.crm.product.CreateProductTest@7b2bbc3]" started-at="2025-12-19T10:26:48 IST" name="afterClass" finished-at="2025-12-19T10:26:49 IST" duration-ms="668" status="PASS">
          <reporter-output>
            <line>
              <![CDATA[Closing browser]]>
            </line>
          </reporter-output>
        </test-method> <!-- afterClass -->
      </class> <!-- com.ninja.crm.product.CreateProductTest -->
      <class name="com.ninja.crm.campaign.CreateCampaignsTest">
        <test-method is-config="true" signature="beforeSuite()[pri:0, instance:com.ninja.crm.campaign.CreateCampaignsTest@4d5d943d]" started-at="2025-12-19T10:26:08 IST" name="beforeSuite" finished-at="2025-12-19T10:26:08 IST" duration-ms="26" status="PASS">
          <reporter-output>
            <line>
              <![CDATA[Eastbilish Database Connectivity]]>
            </line>
          </reporter-output>
        </test-method> <!-- beforeSuite -->
        <test-method is-config="true" signature="beforeTest()[pri:0, instance:com.ninja.crm.campaign.CreateCampaignsTest@4d5d943d]" started-at="2025-12-19T10:26:08 IST" name="beforeTest" finished-at="2025-12-19T10:26:08 IST" duration-ms="2" status="PASS">
          <reporter-output>
            <line>
              <![CDATA[Pre-Condition]]>
            </line>
          </reporter-output>
        </test-method> <!-- beforeTest -->
        <test-method is-config="true" signature="beforeClass()[pri:0, instance:com.ninja.crm.campaign.CreateCampaignsTest@4d5d943d]" started-at="2025-12-19T10:26:08 IST" name="beforeClass" finished-at="2025-12-19T10:26:17 IST" duration-ms="8406" status="PASS">
          <reporter-output>
            <line>
              <![CDATA[Launching browser]]>
            </line>
          </reporter-output>
        </test-method> <!-- beforeClass -->
        <test-method is-config="true" signature="beforeMethod()[pri:0, instance:com.ninja.crm.campaign.CreateCampaignsTest@4d5d943d]" started-at="2025-12-19T10:26:17 IST" name="beforeMethod" finished-at="2025-12-19T10:26:19 IST" duration-ms="2376" status="PASS">
          <reporter-output>
            <line>
              <![CDATA[Login Done]]>
            </line>
          </reporter-output>
        </test-method> <!-- beforeMethod -->
        <test-method signature="createCamapignsWithMandatoryFieldsTest()[pri:0, instance:com.ninja.crm.campaign.CreateCampaignsTest@4d5d943d]" started-at="2025-12-19T10:26:19 IST" name="createCamapignsWithMandatoryFieldsTest" finished-at="2025-12-19T10:26:23 IST" duration-ms="3928" status="PASS">
          <reporter-output>
          </reporter-output>
        </test-method> <!-- createCamapignsWithMandatoryFieldsTest -->
        <test-method is-config="true" signature="afterMethod()[pri:0, instance:com.ninja.crm.campaign.CreateCampaignsTest@4d5d943d]" started-at="2025-12-19T10:26:23 IST" name="afterMethod" finished-at="2025-12-19T10:26:25 IST" duration-ms="1779" status="PASS">
          <reporter-output>
            <line>
              <![CDATA[LogOut Done]]>
            </line>
          </reporter-output>
        </test-method> <!-- afterMethod -->
        <test-method is-config="true" signature="beforeMethod()[pri:0, instance:com.ninja.crm.campaign.CreateCampaignsTest@4d5d943d]" started-at="2025-12-19T10:26:25 IST" name="beforeMethod" finished-at="2025-12-19T10:26:27 IST" duration-ms="2084" status="PASS">
          <reporter-output>
            <line>
              <![CDATA[Login Done]]>
            </line>
          </reporter-output>
        </test-method> <!-- beforeMethod -->
        <test-method signature="createCampaignsWithExpectedDateTest()[pri:0, instance:com.ninja.crm.campaign.CreateCampaignsTest@4d5d943d]" started-at="2025-12-19T10:26:27 IST" name="createCampaignsWithExpectedDateTest" finished-at="2025-12-19T10:26:30 IST" duration-ms="2507" status="PASS">
          <reporter-output>
          </reporter-output>
        </test-method> <!-- createCampaignsWithExpectedDateTest -->
        <test-method is-config="true" signature="afterMethod()[pri:0, instance:com.ninja.crm.campaign.CreateCampaignsTest@4d5d943d]" started-at="2025-12-19T10:26:30 IST" name="afterMethod" finished-at="2025-12-19T10:26:31 IST" duration-ms="1215" status="PASS">
          <reporter-output>
            <line>
              <![CDATA[LogOut Done]]>
            </line>
          </reporter-output>
        </test-method> <!-- afterMethod -->
        <test-method is-config="true" signature="beforeMethod()[pri:0, instance:com.ninja.crm.campaign.CreateCampaignsTest@4d5d943d]" started-at="2025-12-19T10:26:31 IST" name="beforeMethod" finished-at="2025-12-19T10:26:32 IST" duration-ms="1473" status="PASS">
          <reporter-output>
            <line>
              <![CDATA[Login Done]]>
            </line>
          </reporter-output>
        </test-method> <!-- beforeMethod -->
        <test-method signature="createCampaignsWithStatusTest()[pri:0, instance:com.ninja.crm.campaign.CreateCampaignsTest@4d5d943d]" started-at="2025-12-19T10:26:32 IST" name="createCampaignsWithStatusTest" finished-at="2025-12-19T10:26:34 IST" duration-ms="2221" status="PASS">
          <reporter-output>
          </reporter-output>
        </test-method> <!-- createCampaignsWithStatusTest -->
        <test-method is-config="true" signature="afterMethod()[pri:0, instance:com.ninja.crm.campaign.CreateCampaignsTest@4d5d943d]" started-at="2025-12-19T10:26:34 IST" name="afterMethod" finished-at="2025-12-19T10:26:36 IST" duration-ms="1072" status="PASS">
          <reporter-output>
            <line>
              <![CDATA[LogOut Done]]>
            </line>
          </reporter-output>
        </test-method> <!-- afterMethod -->
        <test-method is-config="true" signature="afterClass()[pri:0, instance:com.ninja.crm.campaign.CreateCampaignsTest@4d5d943d]" started-at="2025-12-19T10:26:36 IST" name="afterClass" finished-at="2025-12-19T10:26:39 IST" duration-ms="3191" status="PASS">
          <reporter-output>
            <line>
              <![CDATA[Closing browser]]>
            </line>
          </reporter-output>
        </test-method> <!-- afterClass -->
        <test-method is-config="true" signature="afterTest()[pri:0, instance:com.ninja.crm.campaign.CreateCampaignsTest@4d5d943d]" started-at="2025-12-19T10:26:49 IST" name="afterTest" finished-at="2025-12-19T10:26:49 IST" duration-ms="2" status="PASS">
          <reporter-output>
            <line>
              <![CDATA[Post-Condition]]>
            </line>
          </reporter-output>
        </test-method> <!-- afterTest -->
        <test-method is-config="true" signature="afterSuite()[pri:0, instance:com.ninja.crm.campaign.CreateCampaignsTest@4d5d943d]" started-at="2025-12-19T10:26:49 IST" name="afterSuite" finished-at="2025-12-19T10:26:49 IST" duration-ms="2" status="PASS">
          <reporter-output>
            <line>
              <![CDATA[Close Database Connection]]>
            </line>
          </reporter-output>
        </test-method> <!-- afterSuite -->
      </class> <!-- com.ninja.crm.campaign.CreateCampaignsTest -->
    </test> <!-- Test -->
  </suite> <!-- Suite -->
</testng-results>
