<?xml version="1.0" encoding="UTF-8"?>
<testng-results ignored="0" total="4" passed="3" failed="1" skipped="0">
  <reporter-output>
    <line>
      <![CDATA[Eastbilish Database Connectivity]]>
    </line>
    <line>
      <![CDATA[Pre-Condition]]>
    </line>
    <line>
      <![CDATA[Launching browser]]>
    </line>
    <line>
      <![CDATA[Login Done]]>
    </line>
    <line>
      <![CDATA[LogOut Done]]>
    </line>
    <line>
      <![CDATA[Login Done]]>
    </line>
    <line>
      <![CDATA[LogOut Done]]>
    </line>
    <line>
      <![CDATA[Login Done]]>
    </line>
    <line>
      <![CDATA[LogOut Done]]>
    </line>
    <line>
      <![CDATA[Closing browser]]>
    </line>
    <line>
      <![CDATA[Launching browser]]>
    </line>
    <line>
      <![CDATA[Login Done]]>
    </line>
    <line>
      <![CDATA[LogOut Done]]>
    </line>
    <line>
      <![CDATA[Closing browser]]>
    </line>
    <line>
      <![CDATA[Post-Condition]]>
    </line>
    <line>
      <![CDATA[Close Database Connection]]>
    </line>
  </reporter-output>
  <suite started-at="2026-02-27T12:42:05 IST" name="Suite" finished-at="2026-02-27T12:42:35 IST" duration-ms="29627">
    <groups>
      <group name="smoke">
        <method signature="CreateCampaignsTest.createCamapignsWithMandatoryFieldsTest()[pri:0, instance:com.ninja.crm.campaign.CreateCampaignsTest@48f2bd5b]" name="createCamapignsWithMandatoryFieldsTest" class="com.ninja.crm.campaign.CreateCampaignsTest"/>
        <method signature="CreateProductTest.createProductWithMandatoryFieldTest()[pri:0, instance:com.ninja.crm.product.CreateProductTest@55141def]" name="createProductWithMandatoryFieldTest" class="com.ninja.crm.product.CreateProductTest"/>
      </group> <!-- smoke -->
    </groups>
    <test started-at="2026-02-27T12:42:05 IST" name="Test" finished-at="2026-02-27T12:42:35 IST" duration-ms="29627">
      <class name="com.ninja.crm.product.CreateProductTest">
        <test-method is-config="true" signature="beforeClass()[pri:0, instance:com.ninja.crm.product.CreateProductTest@55141def]" started-at="2026-02-27T12:42:27 IST" name="beforeClass" finished-at="2026-02-27T12:42:28 IST" duration-ms="1582" status="PASS">
          <reporter-output>
            <line>
              <![CDATA[Launching browser]]>
            </line>
          </reporter-output>
        </test-method> <!-- beforeClass -->
        <test-method is-config="true" signature="beforeMethod()[pri:0, instance:com.ninja.crm.product.CreateProductTest@55141def]" started-at="2026-02-27T12:42:28 IST" name="beforeMethod" finished-at="2026-02-27T12:42:30 IST" duration-ms="1464" status="PASS">
          <reporter-output>
            <line>
              <![CDATA[Login Done]]>
            </line>
          </reporter-output>
        </test-method> <!-- beforeMethod -->
        <test-method signature="createProductWithMandatoryFieldTest()[pri:0, instance:com.ninja.crm.product.CreateProductTest@55141def]" started-at="2026-02-27T12:42:30 IST" name="createProductWithMandatoryFieldTest" finished-at="2026-02-27T12:42:33 IST" duration-ms="3010" status="FAIL">
          <exception class="java.lang.AssertionError">
            <message>
              <![CDATA[expected [true] but found [false]]]>
            </message>
            <full-stacktrace>
              <![CDATA[java.lang.AssertionError: expected [true] but found [false]
at org.testng.Assert.fail(Assert.java:111)
at org.testng.Assert.failNotEquals(Assert.java:1590)
at org.testng.Assert.assertTrue(Assert.java:57)
at org.testng.Assert.assertTrue(Assert.java:67)
at com.ninja.crm.product.CreateProductTest.createProductWithMandatoryFieldTest(CreateProductTest.java:93)
at java.base/jdk.internal.reflect.DirectMethodHandleAccessor.invoke(DirectMethodHandleAccessor.java:104)
at java.base/java.lang.reflect.Method.invoke(Method.java:565)
at org.testng.internal.invokers.MethodInvocationHelper.invokeMethod(MethodInvocationHelper.java:141)
at org.testng.internal.invokers.TestInvoker.invokeMethod(TestInvoker.java:687)
at org.testng.internal.invokers.TestInvoker.invokeTestMethod(TestInvoker.java:230)
at org.testng.internal.invokers.MethodRunner.runInSequence(MethodRunner.java:63)
at org.testng.internal.invokers.TestInvoker$MethodInvocationAgent.invoke(TestInvoker.java:995)
at org.testng.internal.invokers.TestInvoker.invokeTestMethods(TestInvoker.java:203)
at org.testng.internal.invokers.TestMethodWorker.invokeTestMethods(TestMethodWorker.java:154)
at org.testng.internal.invokers.TestMethodWorker.run(TestMethodWorker.java:134)
at java.base/java.util.ArrayList.forEach(ArrayList.java:1604)
at org.testng.TestRunner.privateRun(TestRunner.java:741)
at org.testng.TestRunner.run(TestRunner.java:616)
at org.testng.SuiteRunner.runTest(SuiteRunner.java:421)
at org.testng.SuiteRunner.runSequentially(SuiteRunner.java:413)
at org.testng.SuiteRunner.privateRun(SuiteRunner.java:373)
at org.testng.SuiteRunner.run(SuiteRunner.java:312)
at org.testng.SuiteRunnerWorker.runSuite(SuiteRunnerWorker.java:52)
at org.testng.SuiteRunnerWorker.run(SuiteRunnerWorker.java:95)
at org.testng.TestNG.runSuitesSequentially(TestNG.java:1274)
at org.testng.TestNG.runSuitesLocally(TestNG.java:1208)
at org.testng.TestNG.runSuites(TestNG.java:1112)
at org.testng.TestNG.run(TestNG.java:1079)
at org.testng.remote.AbstractRemoteTestNG.run(AbstractRemoteTestNG.java:115)
at org.testng.remote.RemoteTestNG.initAndRun(RemoteTestNG.java:293)
at org.testng.remote.RemoteTestNG.main(RemoteTestNG.java:91)
]]>
            </full-stacktrace>
          </exception> <!-- java.lang.AssertionError -->
          <reporter-output>
          </reporter-output>
        </test-method> <!-- createProductWithMandatoryFieldTest -->
        <test-method is-config="true" signature="afterMethod()[pri:0, instance:com.ninja.crm.product.CreateProductTest@55141def]" started-at="2026-02-27T12:42:33 IST" name="afterMethod" finished-at="2026-02-27T12:42:34 IST" duration-ms="1314" status="PASS">
          <reporter-output>
            <line>
              <![CDATA[LogOut Done]]>
            </line>
          </reporter-output>
        </test-method> <!-- afterMethod -->
        <test-method is-config="true" signature="afterClass()[pri:0, instance:com.ninja.crm.product.CreateProductTest@55141def]" started-at="2026-02-27T12:42:34 IST" name="afterClass" finished-at="2026-02-27T12:42:35 IST" duration-ms="586" status="PASS">
          <reporter-output>
            <line>
              <![CDATA[Closing browser]]>
            </line>
          </reporter-output>
        </test-method> <!-- afterClass -->
      </class> <!-- com.ninja.crm.product.CreateProductTest -->
      <class name="com.ninja.crm.campaign.CreateCampaignsTest">
        <test-method is-config="true" signature="beforeSuite()[pri:0, instance:com.ninja.crm.campaign.CreateCampaignsTest@48f2bd5b]" started-at="2026-02-27T12:42:05 IST" name="beforeSuite" finished-at="2026-02-27T12:42:05 IST" duration-ms="26" status="PASS">
          <reporter-output>
            <line>
              <![CDATA[Eastbilish Database Connectivity]]>
            </line>
          </reporter-output>
        </test-method> <!-- beforeSuite -->
        <test-method is-config="true" signature="beforeTest()[pri:0, instance:com.ninja.crm.campaign.CreateCampaignsTest@48f2bd5b]" started-at="2026-02-27T12:42:05 IST" name="beforeTest" finished-at="2026-02-27T12:42:05 IST" duration-ms="2" status="PASS">
          <reporter-output>
            <line>
              <![CDATA[Pre-Condition]]>
            </line>
          </reporter-output>
        </test-method> <!-- beforeTest -->
        <test-method is-config="true" signature="beforeClass()[pri:0, instance:com.ninja.crm.campaign.CreateCampaignsTest@48f2bd5b]" started-at="2026-02-27T12:42:05 IST" name="beforeClass" finished-at="2026-02-27T12:42:10 IST" duration-ms="4764" status="PASS">
          <reporter-output>
            <line>
              <![CDATA[Launching browser]]>
            </line>
          </reporter-output>
        </test-method> <!-- beforeClass -->
        <test-method is-config="true" signature="beforeMethod()[pri:0, instance:com.ninja.crm.campaign.CreateCampaignsTest@48f2bd5b]" started-at="2026-02-27T12:42:10 IST" name="beforeMethod" finished-at="2026-02-27T12:42:12 IST" duration-ms="2040" status="PASS">
          <reporter-output>
            <line>
              <![CDATA[Login Done]]>
            </line>
          </reporter-output>
        </test-method> <!-- beforeMethod -->
        <test-method signature="createCamapignsWithMandatoryFieldsTest()[pri:0, instance:com.ninja.crm.campaign.CreateCampaignsTest@48f2bd5b]" started-at="2026-02-27T12:42:12 IST" name="createCamapignsWithMandatoryFieldsTest" finished-at="2026-02-27T12:42:16 IST" duration-ms="3770" status="PASS">
          <reporter-output>
          </reporter-output>
        </test-method> <!-- createCamapignsWithMandatoryFieldsTest -->
        <test-method is-config="true" signature="afterMethod()[pri:0, instance:com.ninja.crm.campaign.CreateCampaignsTest@48f2bd5b]" started-at="2026-02-27T12:42:16 IST" name="afterMethod" finished-at="2026-02-27T12:42:17 IST" duration-ms="1141" status="PASS">
          <reporter-output>
            <line>
              <![CDATA[LogOut Done]]>
            </line>
          </reporter-output>
        </test-method> <!-- afterMethod -->
        <test-method is-config="true" signature="beforeMethod()[pri:0, instance:com.ninja.crm.campaign.CreateCampaignsTest@48f2bd5b]" started-at="2026-02-27T12:42:17 IST" name="beforeMethod" finished-at="2026-02-27T12:42:18 IST" duration-ms="1423" status="PASS">
          <reporter-output>
            <line>
              <![CDATA[Login Done]]>
            </line>
          </reporter-output>
        </test-method> <!-- beforeMethod -->
        <test-method signature="createCampaignsWithExpectedDateTest()[pri:0, instance:com.ninja.crm.campaign.CreateCampaignsTest@48f2bd5b]" started-at="2026-02-27T12:42:18 IST" name="createCampaignsWithExpectedDateTest" finished-at="2026-02-27T12:42:21 IST" duration-ms="2230" status="PASS">
          <reporter-output>
          </reporter-output>
        </test-method> <!-- createCampaignsWithExpectedDateTest -->
        <test-method is-config="true" signature="afterMethod()[pri:0, instance:com.ninja.crm.campaign.CreateCampaignsTest@48f2bd5b]" started-at="2026-02-27T12:42:21 IST" name="afterMethod" finished-at="2026-02-27T12:42:21 IST" duration-ms="864" status="PASS">
          <reporter-output>
            <line>
              <![CDATA[LogOut Done]]>
            </line>
          </reporter-output>
        </test-method> <!-- afterMethod -->
        <test-method is-config="true" signature="beforeMethod()[pri:0, instance:com.ninja.crm.campaign.CreateCampaignsTest@48f2bd5b]" started-at="2026-02-27T12:42:21 IST" name="beforeMethod" finished-at="2026-02-27T12:42:23 IST" duration-ms="1214" status="PASS">
          <reporter-output>
            <line>
              <![CDATA[Login Done]]>
            </line>
          </reporter-output>
        </test-method> <!-- beforeMethod -->
        <test-method signature="createCampaignsWithStatusTest()[pri:0, instance:com.ninja.crm.campaign.CreateCampaignsTest@48f2bd5b]" started-at="2026-02-27T12:42:23 IST" name="createCampaignsWithStatusTest" finished-at="2026-02-27T12:42:25 IST" duration-ms="1973" status="PASS">
          <reporter-output>
          </reporter-output>
        </test-method> <!-- createCampaignsWithStatusTest -->
        <test-method is-config="true" signature="afterMethod()[pri:0, instance:com.ninja.crm.campaign.CreateCampaignsTest@48f2bd5b]" started-at="2026-02-27T12:42:25 IST" name="afterMethod" finished-at="2026-02-27T12:42:26 IST" duration-ms="1159" status="PASS">
          <reporter-output>
            <line>
              <![CDATA[LogOut Done]]>
            </line>
          </reporter-output>
        </test-method> <!-- afterMethod -->
        <test-method is-config="true" signature="afterClass()[pri:0, instance:com.ninja.crm.campaign.CreateCampaignsTest@48f2bd5b]" started-at="2026-02-27T12:42:26 IST" name="afterClass" finished-at="2026-02-27T12:42:27 IST" duration-ms="765" status="PASS">
          <reporter-output>
            <line>
              <![CDATA[Closing browser]]>
            </line>
          </reporter-output>
        </test-method> <!-- afterClass -->
        <test-method is-config="true" signature="afterTest()[pri:0, instance:com.ninja.crm.campaign.CreateCampaignsTest@48f2bd5b]" started-at="2026-02-27T12:42:35 IST" name="afterTest" finished-at="2026-02-27T12:42:35 IST" duration-ms="1" status="PASS">
          <reporter-output>
            <line>
              <![CDATA[Post-Condition]]>
            </line>
          </reporter-output>
        </test-method> <!-- afterTest -->
        <test-method is-config="true" signature="afterSuite()[pri:0, instance:com.ninja.crm.campaign.CreateCampaignsTest@48f2bd5b]" started-at="2026-02-27T12:42:35 IST" name="afterSuite" finished-at="2026-02-27T12:42:35 IST" duration-ms="1" status="PASS">
          <reporter-output>
            <line>
              <![CDATA[Close Database Connection]]>
            </line>
          </reporter-output>
        </test-method> <!-- afterSuite -->
      </class> <!-- com.ninja.crm.campaign.CreateCampaignsTest -->
    </test> <!-- Test -->
  </suite> <!-- Suite -->
</testng-results>
