<?xml version="1.0" encoding="UTF-8"?>
<!-- Generated by org.testng.reporters.JUnitReportReporter -->
<testsuite hostname="DESKTOP-KT46ULE" failures="0" tests="1" name="com.ninja.crm.product.CreateProductTest" time="8.985" errors="0" timestamp="2025-11-08T14:33:48 IST" skipped="0">
  <testcase classname="com.ninja.crm.product.CreateProductTest" name="createProductWithMandatoryFieldTest" time="8.985"/>
  <system-out>
    <![CDATA[Eastbilish Database Connectivity
Pre-Condition
Launching browser
Login Done
LogOut Done
Login Done
LogOut Done
Login Done
LogOut Done
Closing browser
Launching browser
Login Done
LogOut Done
Closing browser
Post-Condition
Close Database Connection]]>
  </system-out>
</testsuite> <!-- com.ninja.crm.product.CreateProductTest -->
