<?xml version="1.0" encoding="UTF-8"?>
<!-- Generated by org.testng.reporters.JUnitReportReporter -->
<testsuite hostname="DESKTOP-KT46ULE" failures="0" tests="3" name="com.ninja.crm.campaign.CreateCampaignsTest" time="15.814" errors="0" timestamp="2026-02-27T12:42:36 IST" skipped="0">
  <testcase classname="com.ninja.crm.campaign.CreateCampaignsTest" name="createCampaignsWithExpectedDateTest" time="5.134"/>
  <testcase classname="com.ninja.crm.campaign.CreateCampaignsTest" name="createCamapignsWithMandatoryFieldsTest" time="6.125"/>
  <testcase classname="com.ninja.crm.campaign.CreateCampaignsTest" name="createCampaignsWithStatusTest" time="4.555"/>
  <system-out>
    <![CDATA[Eastbilish Database Connectivity
Pre-Condition
Launching browser
Login Done
LogOut Done
Login Done
LogOut Done
Login Done
LogOut Done
Closing browser
Launching browser
Login Done
LogOut Done
Closing browser
Post-Condition
Close Database Connection]]>
  </system-out>
</testsuite> <!-- com.ninja.crm.campaign.CreateCampaignsTest -->
